New log file opened at Sun Aug 16 01:36:33 BRT 2015 by 9723@andre
Taking next connection to: 40218
New client attempting to connect on port: 33436-40218
  Address = /127.0.1.1:40218
This client on port 33436 has uuid ae4df938-2132-4a46-ba8c-d466f54a758f configName activator humanReadableName Activator protocolVersion 3 featureTags Vector()
Connected Clients: activator-ae4df938-2132-4a46-ba8c-d466f54a758f
Taking next connection to: 40218
New client attempting to connect on port: 33437-40218
  Address = /127.0.1.1:40218
Handshake exception on socket: 33437
sbt.impl.ipc.HandshakeException: Unable to perform handshake
	at sbt.impl.ipc.Peer.handshake(IPC.scala:46)
	at sbt.impl.ipc.MultiClientServer.<init>(IPC.scala:150)
	at sbt.server.SbtServerSocketHandler$$anon$1.run(SbtServerSocketHandler.scala:43)
Caused by: java.io.EOFException
	at java.io.DataInputStream.readInt(DataInputStream.java:392)
	at sbt.impl.ipc.Peer.receive(IPC.scala:95)
	at sbt.impl.ipc.Peer.handshake(IPC.scala:49)
	... 2 more
Taking next connection to: 40218
New client attempting to connect on port: 33438-40218
  Address = /127.0.1.1:40218
This client on port 33438 has uuid 88f3705d-c7b9-4881-a366-33df0661cf3a configName activator humanReadableName Activator protocolVersion 3 featureTags Vector()
Connected Clients: activator-ae4df938-2132-4a46-ba8c-d466f54a758f, activator-88f3705d-c7b9-4881-a366-33df0661cf3a
Taking next connection to: 40218
